2025-06-21 14:07:45,471 [DEBUG] Starting new HTTPS connection (1): openlibrary.org:443
2025-06-21 14:07:46,297 [DEBUG] https://openlibrary.org:443 "GET /search.json?title=The%20Hobbit&author=J.R.R.%20Tolkien HTTP/1.1" 200 None
2025-06-21 14:07:46,408 [INFO] Iniciando formatação dos dados retornados pela API.
2025-06-21 14:07:46,438 [INFO] Formatação concluída com sucesso. Total de registros: 19
2025-06-21 14:07:55,206 [DEBUG] Starting new HTTPS connection (1): openlibrary.org:443
2025-06-21 14:07:55,977 [DEBUG] https://openlibrary.org:443 "GET /search.json?title=The%20Hobbit&author=J.R.R.%20Tolkien HTTP/1.1" 200 None
2025-06-21 14:07:56,064 [DEBUG] Starting new HTTPS connection (1): openlibrary.org:443
2025-06-21 14:07:56,832 [DEBUG] https://openlibrary.org:443 "GET /search.json?title=The%20Hobbit&author=J.R.R.%20Tolkien HTTP/1.1" 200 None
2025-06-21 14:07:56,917 [INFO] Iniciando formatação dos dados retornados pela API.
2025-06-21 14:07:56,921 [INFO] Formatação concluída com sucesso. Total de registros: 19
2025-06-21 14:07:56,933 [DEBUG] Starting new HTTPS connection (1): openlibrary.org:443
2025-06-21 14:07:57,561 [DEBUG] https://openlibrary.org:443 "GET /api/books?bibkeys=ISBN:9780140328721&format=json&jscmd=data HTTP/1.1" 200 None
2025-06-21 14:07:57,572 [DEBUG] Starting new HTTPS connection (1): openlibrary.org:443
2025-06-21 14:07:58,341 [DEBUG] https://openlibrary.org:443 "GET /search.json?title=The%20Hobbit&author=J.R.R.%20Tolkien HTTP/1.1" 200 None
2025-06-21 14:13:23,365 [DEBUG] Starting new HTTPS connection (1): openlibrary.org:443
2025-06-21 14:13:24,205 [DEBUG] https://openlibrary.org:443 "GET /search.json?title=The%20Hobbit&author=J.R.R.%20Tolkien HTTP/1.1" 200 None
2025-06-21 14:13:24,290 [INFO] Iniciando formatação dos dados retornados pela API.
2025-06-21 14:13:24,315 [INFO] Formatação concluída com sucesso. Total de registros: 19
2025-06-21 14:13:34,120 [DEBUG] Starting new HTTPS connection (1): openlibrary.org:443
2025-06-21 14:13:34,897 [DEBUG] https://openlibrary.org:443 "GET /search.json?title=The%20Hobbit&author=J.R.R.%20Tolkien HTTP/1.1" 200 None
2025-06-21 14:13:34,997 [DEBUG] Starting new HTTPS connection (1): openlibrary.org:443
2025-06-21 14:13:35,761 [DEBUG] https://openlibrary.org:443 "GET /search.json?title=The%20Hobbit&author=J.R.R.%20Tolkien HTTP/1.1" 200 None
2025-06-21 14:13:35,862 [INFO] Iniciando formatação dos dados retornados pela API.
2025-06-21 14:13:35,865 [INFO] Formatação concluída com sucesso. Total de registros: 19
2025-06-21 14:13:35,873 [DEBUG] Starting new HTTPS connection (1): openlibrary.org:443
2025-06-21 14:13:36,503 [DEBUG] https://openlibrary.org:443 "GET /api/books?bibkeys=ISBN:9780140328721&format=json&jscmd=data HTTP/1.1" 200 None
2025-06-21 14:13:36,514 [DEBUG] Starting new HTTPS connection (1): openlibrary.org:443
2025-06-21 14:13:37,279 [DEBUG] https://openlibrary.org:443 "GET /search.json?title=The%20Hobbit&author=J.R.R.%20Tolkien HTTP/1.1" 200 None
2025-06-21 14:21:29,846 [DEBUG] Starting new HTTPS connection (1): openlibrary.org:443
2025-06-21 14:21:30,694 [DEBUG] https://openlibrary.org:443 "GET /search.json?title=The%20Hobbit&author=J.R.R.%20Tolkien HTTP/1.1" 200 None
2025-06-21 14:21:30,777 [INFO] Iniciando formatação dos dados retornados pela API.
2025-06-21 14:21:30,802 [INFO] Formatação concluída com sucesso. Total de registros: 19
2025-06-21 14:22:05,303 [DEBUG] Starting new HTTPS connection (1): openlibrary.org:443
2025-06-21 14:22:06,072 [DEBUG] https://openlibrary.org:443 "GET /search.json?title=The%20Hobbit&author=J.R.R.%20Tolkien HTTP/1.1" 200 None
2025-06-21 14:22:06,166 [DEBUG] Starting new HTTPS connection (1): openlibrary.org:443
2025-06-21 14:22:06,931 [DEBUG] https://openlibrary.org:443 "GET /search.json?title=The%20Hobbit&author=J.R.R.%20Tolkien HTTP/1.1" 200 None
2025-06-21 14:22:07,028 [INFO] Iniciando formatação dos dados retornados pela API.
2025-06-21 14:22:07,030 [INFO] Formatação concluída com sucesso. Total de registros: 19
2025-06-21 14:22:07,034 [DEBUG] Starting new HTTPS connection (1): openlibrary.org:443
2025-06-21 14:22:07,657 [DEBUG] https://openlibrary.org:443 "GET /api/books?bibkeys=ISBN:9780140328721&format=json&jscmd=data HTTP/1.1" 200 None
2025-06-21 14:22:07,668 [DEBUG] Starting new HTTPS connection (1): openlibrary.org:443
2025-06-21 14:22:08,437 [DEBUG] https://openlibrary.org:443 "GET /search.json?title=The%20Hobbit&author=J.R.R.%20Tolkien HTTP/1.1" 200 None
2025-06-21 14:26:37,704 [DEBUG] Starting new HTTPS connection (1): openlibrary.org:443
2025-06-21 14:26:38,476 [DEBUG] https://openlibrary.org:443 "GET /search.json?title=The%20Hobbit&author=J.R.R.%20Tolkien HTTP/1.1" 200 None
2025-06-21 14:26:38,580 [INFO] Iniciando formatação dos dados retornados pela API.
2025-06-21 14:26:38,587 [INFO] Formatação concluída com sucesso. Total de registros: 19
2025-06-21 14:26:46,270 [DEBUG] Starting new HTTPS connection (1): openlibrary.org:443
2025-06-21 14:26:47,035 [DEBUG] https://openlibrary.org:443 "GET /search.json?title=The%20Hobbit&author=J.R.R.%20Tolkien HTTP/1.1" 200 None
2025-06-21 14:26:47,138 [DEBUG] Starting new HTTPS connection (1): openlibrary.org:443
2025-06-21 14:26:47,902 [DEBUG] https://openlibrary.org:443 "GET /search.json?title=The%20Hobbit&author=J.R.R.%20Tolkien HTTP/1.1" 200 None
2025-06-21 14:26:48,000 [INFO] Iniciando formatação dos dados retornados pela API.
2025-06-21 14:26:48,006 [INFO] Formatação concluída com sucesso. Total de registros: 19
2025-06-21 14:26:48,010 [DEBUG] Starting new HTTPS connection (1): openlibrary.org:443
2025-06-21 14:26:48,640 [DEBUG] https://openlibrary.org:443 "GET /api/books?bibkeys=ISBN:9780140328721&format=json&jscmd=data HTTP/1.1" 200 None
2025-06-21 14:26:48,649 [DEBUG] Starting new HTTPS connection (1): openlibrary.org:443
2025-06-21 14:26:49,432 [DEBUG] https://openlibrary.org:443 "GET /search.json?title=The%20Hobbit&author=J.R.R.%20Tolkien HTTP/1.1" 200 None
2025-06-21 14:30:12,017 [DEBUG] Starting new HTTPS connection (1): openlibrary.org:443
2025-06-21 14:30:12,862 [DEBUG] https://openlibrary.org:443 "GET /search.json?title=The%20Hobbit&author=J.R.R.%20Tolkien HTTP/1.1" 200 None
2025-06-21 14:30:12,979 [INFO] Iniciando formatação dos dados retornados pela API.
2025-06-21 14:30:13,005 [INFO] Formatação concluída com sucesso. Total de registros: 19
2025-06-21 14:30:40,276 [DEBUG] Starting new HTTPS connection (1): openlibrary.org:443
2025-06-21 14:30:41,052 [DEBUG] https://openlibrary.org:443 "GET /search.json?title=The%20Hobbit&author=J.R.R.%20Tolkien HTTP/1.1" 200 None
2025-06-21 14:30:41,159 [DEBUG] Starting new HTTPS connection (1): openlibrary.org:443
2025-06-21 14:30:41,928 [DEBUG] https://openlibrary.org:443 "GET /search.json?title=The%20Hobbit&author=J.R.R.%20Tolkien HTTP/1.1" 200 None
2025-06-21 14:30:42,020 [INFO] Iniciando formatação dos dados retornados pela API.
2025-06-21 14:30:42,022 [INFO] Formatação concluída com sucesso. Total de registros: 19
2025-06-21 14:30:42,030 [DEBUG] Starting new HTTPS connection (1): openlibrary.org:443
2025-06-21 14:30:42,671 [DEBUG] https://openlibrary.org:443 "GET /api/books?bibkeys=ISBN:9780140328721&format=json&jscmd=data HTTP/1.1" 200 None
2025-06-21 14:30:42,680 [DEBUG] Starting new HTTPS connection (1): openlibrary.org:443
2025-06-21 14:30:43,461 [DEBUG] https://openlibrary.org:443 "GET /search.json?title=The%20Hobbit&author=J.R.R.%20Tolkien HTTP/1.1" 200 None
2025-06-21 14:31:17,071 [DEBUG] Starting new HTTPS connection (1): openlibrary.org:443
2025-06-21 14:31:17,855 [DEBUG] https://openlibrary.org:443 "GET /search.json?title=The%20Hobbit&author=J.R.R.%20Tolkien HTTP/1.1" 200 None
2025-06-21 14:31:17,942 [INFO] Iniciando formatação dos dados retornados pela API.
2025-06-21 14:31:17,949 [INFO] Formatação concluída com sucesso. Total de registros: 19
2025-06-21 14:31:45,386 [DEBUG] Starting new HTTPS connection (1): openlibrary.org:443
2025-06-21 14:31:46,152 [DEBUG] https://openlibrary.org:443 "GET /search.json?title=The%20Hobbit&author=J.R.R.%20Tolkien HTTP/1.1" 200 None
2025-06-21 14:31:46,238 [DEBUG] Starting new HTTPS connection (1): openlibrary.org:443
2025-06-21 14:31:47,011 [DEBUG] https://openlibrary.org:443 "GET /search.json?title=The%20Hobbit&author=J.R.R.%20Tolkien HTTP/1.1" 200 None
2025-06-21 14:31:47,107 [INFO] Iniciando formatação dos dados retornados pela API.
2025-06-21 14:31:47,110 [INFO] Formatação concluída com sucesso. Total de registros: 19
2025-06-21 14:31:47,114 [DEBUG] Starting new HTTPS connection (1): openlibrary.org:443
2025-06-21 14:31:47,754 [DEBUG] https://openlibrary.org:443 "GET /api/books?bibkeys=ISBN:9780140328721&format=json&jscmd=data HTTP/1.1" 200 None
2025-06-21 14:31:47,765 [DEBUG] Starting new HTTPS connection (1): openlibrary.org:443
2025-06-21 14:31:48,532 [DEBUG] https://openlibrary.org:443 "GET /search.json?title=The%20Hobbit&author=J.R.R.%20Tolkien HTTP/1.1" 200 None
2025-06-22 14:45:43,503 [DEBUG] Starting new HTTPS connection (1): openlibrary.org:443
2025-06-22 14:45:44,324 [DEBUG] https://openlibrary.org:443 "GET /search.json?title=The%20Hobbit&author=J.R.R.%20Tolkien HTTP/1.1" 200 None
2025-06-22 14:45:44,389 [INFO] Iniciando formatação dos dados retornados pela API.
2025-06-22 14:45:44,431 [INFO] Formatação concluída com sucesso. Total de registros: 19
2025-06-22 14:45:50,360 [DEBUG] Starting new HTTPS connection (1): openlibrary.org:443
2025-06-22 14:45:51,122 [DEBUG] https://openlibrary.org:443 "GET /search.json?title=The%20Hobbit&author=J.R.R.%20Tolkien HTTP/1.1" 200 None
2025-06-22 14:45:51,205 [DEBUG] Starting new HTTPS connection (1): openlibrary.org:443
2025-06-22 14:45:51,964 [DEBUG] https://openlibrary.org:443 "GET /search.json?title=The%20Hobbit&author=J.R.R.%20Tolkien HTTP/1.1" 200 None
2025-06-22 14:45:52,017 [INFO] Iniciando formatação dos dados retornados pela API.
2025-06-22 14:45:52,019 [INFO] Formatação concluída com sucesso. Total de registros: 19
2025-06-22 14:45:52,029 [DEBUG] Starting new HTTPS connection (1): openlibrary.org:443
2025-06-22 14:45:52,666 [DEBUG] https://openlibrary.org:443 "GET /api/books?bibkeys=ISBN:9780140328721&format=json&jscmd=data HTTP/1.1" 200 None
2025-06-22 14:45:52,670 [DEBUG] Starting new HTTPS connection (1): openlibrary.org:443
2025-06-22 14:45:53,439 [DEBUG] https://openlibrary.org:443 "GET /search.json?title=The%20Hobbit&author=J.R.R.%20Tolkien HTTP/1.1" 200 None
2025-06-22 14:52:22,926 [DEBUG] Starting new HTTPS connection (1): openlibrary.org:443
2025-06-22 14:52:23,779 [DEBUG] https://openlibrary.org:443 "GET /search.json?title=The%20Hobbit&author=J.R.R.%20Tolkien HTTP/1.1" 200 None
2025-06-22 14:52:23,878 [INFO] Iniciando formatação dos dados retornados pela API.
2025-06-22 14:52:23,905 [INFO] Formatação concluída com sucesso. Total de registros: 19
2025-06-22 14:53:47,970 [DEBUG] Starting new HTTPS connection (1): openlibrary.org:443
2025-06-22 14:53:48,742 [DEBUG] https://openlibrary.org:443 "GET /search.json?title=The%20Hobbit&author=J.R.R.%20Tolkien HTTP/1.1" 200 None
2025-06-22 14:53:48,837 [DEBUG] Starting new HTTPS connection (1): openlibrary.org:443
2025-06-22 14:53:49,611 [DEBUG] https://openlibrary.org:443 "GET /search.json?title=The%20Hobbit&author=Tolkien HTTP/1.1" 200 None
2025-06-22 14:53:49,971 [INFO] Iniciando formatação dos dados retornados pela API.
2025-06-22 14:53:49,976 [INFO] Formatação concluída com sucesso. Total de registros: 23
2025-06-22 14:53:49,980 [DEBUG] Starting new HTTPS connection (1): openlibrary.org:443
2025-06-22 14:53:50,628 [DEBUG] https://openlibrary.org:443 "GET /api/books?bibkeys=ISBN:9780140328721&format=json&jscmd=data HTTP/1.1" 200 None
2025-06-22 14:53:50,646 [DEBUG] Starting new HTTPS connection (1): openlibrary.org:443
2025-06-22 14:53:51,417 [DEBUG] https://openlibrary.org:443 "GET /search.json?title=The%20Hobbit&author=J.R.R.%20Tolkien HTTP/1.1" 200 None
